Build started 2013/6/21 1:03:13.
     1>Project "D:\TopCoder\SRM 583\Division II\Level Two\GameOnABoard\GameOnABoard\GameOnABoard.vcxproj" on node 2 (build target(s)).
     1>InitializeBuildStatus:
         Creating "Release\GameOnABoard.unsuccessfulbuild" because "AlwaysCreate" was specified.
       ClCompile:
         C:\Program Files (x86)\Microsoft Visual Studio 10.0\VC\bin\CL.exe /c /Zi /nologo /W3 /WX- /O2 /Oi /Oy- /GL /D WIN32 /D NDEBUG /D _CONSOLE /D _UNICODE /D UNICODE /Gm- /EHsc /MD /GS /Gy /fp:precise /Zc:wchar_t /Zc:forScope /Fo"Release\\" /Fd"Release\vc100.pdb" /Gd /TP /analyze- /errorReport:prompt GameOnABoard.cpp
         GameOnABoard.cpp
     1>GameOnABoard.cpp(24): warning C4101: 'start_i' : unreferenced local variable
     1>GameOnABoard.cpp(24): warning C4101: 'start_j' : unreferenced local variable
       Link:
         C:\Program Files (x86)\Microsoft Visual Studio 10.0\VC\bin\link.exe /ERRORREPORT:PROMPT /OUT:"D:\TopCoder\SRM 583\Division II\Level Two\GameOnABoard\Release\GameOnABoard.exe" /INCREMENTAL:NO /NOLOGO kernel32.lib user32.lib gdi32.lib winspool.lib comdlg32.lib advapi32.lib shell32.lib ole32.lib oleaut32.lib uuid.lib odbc32.lib odbccp32.lib /MANIFEST /ManifestFile:"Release\GameOnABoard.exe.intermediate.manifest" /MANIFESTUAC:"level='asInvoker' uiAccess='false'" /DEBUG /PDB:"D:\TopCoder\SRM 583\Division II\Level Two\GameOnABoard\Release\GameOnABoard.pdb" /SUBSYSTEM:CONSOLE /OPT:REF /OPT:ICF /LTCG /TLBID:1 /DYNAMICBASE /NXCOMPAT /IMPLIB:"D:\TopCoder\SRM 583\Division II\Level Two\GameOnABoard\Release\GameOnABoard.lib" /MACHINE:X86 Release\GameOnABoard.obj
         Generating code
         Finished generating code
         GameOnABoard.vcxproj -> D:\TopCoder\SRM 583\Division II\Level Two\GameOnABoard\Release\GameOnABoard.exe
       Manifest:
         C:\Program Files (x86)\Microsoft SDKs\Windows\v7.0A\bin\mt.exe /nologo /verbose /outputresource:"D:\TopCoder\SRM 583\Division II\Level Two\GameOnABoard\Release\GameOnABoard.exe;#1" /manifest Release\GameOnABoard.exe.intermediate.manifest
       FinalizeBuildStatus:
         Deleting file "Release\GameOnABoard.unsuccessfulbuild".
         Touching "Release\GameOnABoard.lastbuildstate".
     1>Done Building Project "D:\TopCoder\SRM 583\Division II\Level Two\GameOnABoard\GameOnABoard\GameOnABoard.vcxproj" (build target(s)).

Build succeeded.

Time Elapsed 00:00:00.88
